build/app/intermediates/manifest_merge_blame_file/release/manifest-merger-blame-release-report.txt
1<?xml version="1.0" encoding="utf-8"?>
2<manifest xmlns:android="http://schemas.android.com/apk/res/android"
3    package="com.example.flutter_clean_architecture_gold_currency_prices"
4    android:versionCode="1"
5    android:versionName="1.0.0" >
6
7    <uses-sdk
8        android:minSdkVersion="16"
8-->src\main\AndroidManifest.xml
9        android:targetSdkVersion="33" />
9-->src\main\AndroidManifest.xml
10
11    <uses-permission android:name="android.permission.QUERY_ALL_PACKAGES" />
11-->src\main\AndroidManifest.xml:4:5-77
11-->src\main\AndroidManifest.xml:4:22-74
12    <uses-permission android:name="android.permission.INTERNET" />
12-->src\main\AndroidManifest.xml:5:5-66
12-->src\main\AndroidManifest.xml:5:22-64
13
14    <queries>
14-->src\main\AndroidManifest.xml:6:5-15:15
15        <intent>
15-->src\main\AndroidManifest.xml:7:9-10:18
16            <action android:name="android.intent.action.VIEW" />
16-->src\main\AndroidManifest.xml:8:13-65
16-->src\main\AndroidManifest.xml:8:21-62
17
18            <data android:scheme="sms" />
18-->src\main\AndroidManifest.xml:9:13-42
18-->src\main\AndroidManifest.xml:9:19-39
19        </intent>
20        <!--
21        <intent>
22        <action android:name="android.intent.action.VIEW" />
23        <data  android:scheme="https" android:host="whatsapp.com" />
24        </intent>
25        -->
26    </queries>
27
28    <application
29        android:name="android.app.Application"
29-->src\main\AndroidManifest.xml:19:9-42
30        android:appComponentFactory="androidx.core.app.CoreComponentFactory"
30-->[androidx.core:core:1.6.0] AndroidManifest.xml:24:18-86
31        android:icon="@mipmap/ic_launcher"
31-->src\main\AndroidManifest.xml:20:9-43
32        android:label="C_G_exchange" >
32-->src\main\AndroidManifest.xml:18:9-37
33        <activity
33-->src\main\AndroidManifest.xml:21:9-41:20
34            android:name="com.example.flutter_clean_architecture_gold_currency_prices.MainActivity"
34-->src\main\AndroidManifest.xml:22:13-41
35            android:configChanges="orientation|keyboardHidden|keyboard|screenSize|smallestScreenSize|locale|layoutDirection|fontScale|screenLayout|density|uiMode"
35-->src\main\AndroidManifest.xml:26:13-163
36            android:exported="true"
36-->src\main\AndroidManifest.xml:23:13-36
37            android:hardwareAccelerated="true"
37-->src\main\AndroidManifest.xml:27:13-47
38            android:launchMode="singleTop"
38-->src\main\AndroidManifest.xml:24:13-43
39            android:theme="@style/LaunchTheme"
39-->src\main\AndroidManifest.xml:25:13-47
40            android:windowSoftInputMode="adjustResize" >
40-->src\main\AndroidManifest.xml:28:13-55
41
42            <!--
43                 Specifies an Android theme to apply to this Activity as soon as
44                 the Android process has started. This theme is visible to the user
45                 while the Flutter UI initializes. After that, this theme continues
46                 to determine the Window background behind the Flutter UI.
47            -->
48            <meta-data
48-->src\main\AndroidManifest.xml:33:13-36:17
49                android:name="io.flutter.embedding.android.NormalTheme"
49-->src\main\AndroidManifest.xml:34:15-70
50                android:resource="@style/NormalTheme" />
50-->src\main\AndroidManifest.xml:35:15-52
51
52            <intent-filter>
52-->src\main\AndroidManifest.xml:37:13-40:29
53                <action android:name="android.intent.action.MAIN" />
53-->src\main\AndroidManifest.xml:38:17-68
53-->src\main\AndroidManifest.xml:38:25-66
54
55                <category android:name="android.intent.category.LAUNCHER" />
55-->src\main\AndroidManifest.xml:39:17-76
55-->src\main\AndroidManifest.xml:39:27-74
56            </intent-filter>
57        </activity>
58        <!--
59             Don't delete the meta-data below.
60             This is used by the Flutter tool to generate GeneratedPluginRegistrant.java
61        -->
62        <meta-data
62-->src\main\AndroidManifest.xml:44:9-46:33
63            android:name="flutterEmbedding"
63-->src\main\AndroidManifest.xml:45:13-44
64            android:value="2" />
64-->src\main\AndroidManifest.xml:46:13-30
65
66        <activity
66-->[:url_launcher_android] AndroidManifest.xml:10:9-13:74
67            android:name="io.flutter.plugins.urllauncher.WebViewActivity"
67-->[:url_launcher_android] AndroidManifest.xml:11:13-74
68            android:exported="false"
68-->[:url_launcher_android] AndroidManifest.xml:12:13-37
69            android:theme="@android:style/Theme.NoTitleBar.Fullscreen" />
69-->[:url_launcher_android] AndroidManifest.xml:13:13-71
70
71        <uses-library
71-->[androidx.window:window:1.0.0-beta04] AndroidManifest.xml:25:9-27:40
72            android:name="androidx.window.extensions"
72-->[androidx.window:window:1.0.0-beta04] AndroidManifest.xml:26:13-54
73            android:required="false" />
73-->[androidx.window:window:1.0.0-beta04] AndroidManifest.xml:27:13-37
74        <uses-library
74-->[androidx.window:window:1.0.0-beta04] AndroidManifest.xml:28:9-30:40
75            android:name="androidx.window.sidecar"
75-->[androidx.window:window:1.0.0-beta04] AndroidManifest.xml:29:13-51
76            android:required="false" />
76-->[androidx.window:window:1.0.0-beta04] AndroidManifest.xml:30:13-37
77    </application>
78
79</manifest>